[debug] [2021-02-26T13:43:09.449Z] ----------------------------------------------------------------------
[debug] [2021-02-26T13:43:09.451Z] Command:       C:\Program Files\nodejs\node.exe C:\Program Files\nodejs\node_modules\firebase-tools\lib\bin\firebase.js init
[debug] [2021-02-26T13:43:09.451Z] CLI Version:   9.5.0
[debug] [2021-02-26T13:43:09.451Z] Platform:      win32
[debug] [2021-02-26T13:43:09.451Z] Node Version:  v12.13.0
[debug] [2021-02-26T13:43:09.452Z] Time:          Fri Feb 26 2021 20:43:09 GMT+0700 (Indochina Time)
[debug] [2021-02-26T13:43:09.452Z] ----------------------------------------------------------------------
[debug] [2021-02-26T13:43:09.452Z] 
[debug] [2021-02-26T13:43:09.456Z] > command requires scopes: ["email","openid","https://www.googleapis.com/auth/cloudplatformprojects.readonly","https://www.googleapis.com/auth/firebase","https://www.googleapis.com/auth/cloud-platform"]
[debug] [2021-02-26T13:43:09.457Z] > authorizing via signed-in user
[info] 
     ######## #### ########  ######## ########     ###     ######  ########
     ##        ##  ##     ## ##       ##     ##  ##   ##  ##       ##
     ######    ##  ########  ######   ########  #########  ######  ######
     ##        ##  ##    ##  ##       ##     ## ##     ##       ## ##
     ##       #### ##     ## ######## ########  ##     ##  ######  ########

You're about to initialize a Firebase project in this directory:

  D:\Challenges\fb-clone\src\app

[info] 
=== Project Setup
[info] 
[info] First, let's associate this project directory with a Firebase project.
[info] You can create multiple project aliases by running firebase use --add, 
[info] but for now we'll just set up a default project.
[info] 
[debug] [2021-02-26T13:43:55.301Z] > refreshing access token with scopes: []
[debug] [2021-02-26T13:43:55.302Z] >>> HTTP REQUEST POST https://www.googleapis.com/oauth2/v3/token  
 <request body omitted>
[debug] [2021-02-26T13:43:55.548Z] <<< HTTP RESPONSE 200 {"expires":"Mon, 01 Jan 1990 00:00:00 GMT","cache-control":"no-cache, no-store, max-age=0, must-revalidate","pragma":"no-cache","date":"Fri, 26 Feb 2021 13:43:55 GMT","content-type":"application/json; charset=utf-8","vary":"X-Origin, Referer, Origin,Accept-Encoding","server":"scaffolding on HTTPServer2","x-xss-protection":"0","x-frame-options":"SAMEORIGIN","x-content-type-options":"nosniff","alt-svc":"h3-29=\":443\"; ma=2592000,h3-T051=\":443\"; ma=2592000,h3-Q050=\":443\"; ma=2592000,h3-Q046=\":443\"; ma=2592000,h3-Q043=\":443\"; ma=2592000,quic=\":443\"; ma=2592000; v=\"46,43\"","accept-ranges":"none","transfer-encoding":"chunked"}
[debug] [2021-02-26T13:43:55.568Z] >>> [apiv2][query] GET https://firebase.googleapis.com/v1beta1/projects pageSize=100
[debug] [2021-02-26T13:43:56.492Z] <<< [apiv2][status] GET https://firebase.googleapis.com/v1beta1/projects 200
[debug] [2021-02-26T13:43:56.492Z] <<< [apiv2][body] GET https://firebase.googleapis.com/v1beta1/projects [omitted]
[info] i  Using project fb-clone-8fe4b (fb-clone) 
[info] 
=== Database Setup
[info] i  database: ensuring required API firebasedatabase.googleapis.com is enabled... 
[debug] [2021-02-26T13:43:57.644Z] > refreshing access token with scopes: ["email","https://www.googleapis.com/auth/cloud-platform","https://www.googleapis.com/auth/cloudplatformprojects.readonly","https://www.googleapis.com/auth/firebase","openid"]
[debug] [2021-02-26T13:43:57.644Z] >>> HTTP REQUEST POST https://www.googleapis.com/oauth2/v3/token  
 <request body omitted>
[debug] [2021-02-26T13:43:57.908Z] <<< HTTP RESPONSE 200 {"pragma":"no-cache","expires":"Mon, 01 Jan 1990 00:00:00 GMT","date":"Fri, 26 Feb 2021 13:43:58 GMT","cache-control":"no-cache, no-store, max-age=0, must-revalidate","content-type":"application/json; charset=utf-8","vary":"X-Origin, Referer, Origin,Accept-Encoding","server":"scaffolding on HTTPServer2","x-xss-protection":"0","x-frame-options":"SAMEORIGIN","x-content-type-options":"nosniff","alt-svc":"h3-29=\":443\"; ma=2592000,h3-T051=\":443\"; ma=2592000,h3-Q050=\":443\"; ma=2592000,h3-Q046=\":443\"; ma=2592000,h3-Q043=\":443\"; ma=2592000,quic=\":443\"; ma=2592000; v=\"46,43\"","accept-ranges":"none","transfer-encoding":"chunked"}
[debug] [2021-02-26T13:43:57.916Z] >>> HTTP REQUEST GET https://serviceusage.googleapis.com/v1/projects/fb-clone-8fe4b/services/firebasedatabase.googleapis.com  
 
[debug] [2021-02-26T13:43:59.438Z] <<< HTTP RESPONSE 200 {"content-type":"application/json; charset=UTF-8","vary":"X-Origin, Referer, Origin,Accept-Encoding","date":"Fri, 26 Feb 2021 13:43:59 GMT","server":"ESF","cache-control":"private","x-xss-protection":"0","x-frame-options":"SAMEORIGIN","x-content-type-options":"nosniff","alt-svc":"h3-29=\":443\"; ma=2592000,h3-T051=\":443\"; ma=2592000,h3-Q050=\":443\"; ma=2592000,h3-Q046=\":443\"; ma=2592000,h3-Q043=\":443\"; ma=2592000,quic=\":443\"; ma=2592000; v=\"46,43\"","accept-ranges":"none","transfer-encoding":"chunked"}
[warn] !  database: missing required API firebasedatabase.googleapis.com. Enabling now... 
[debug] [2021-02-26T13:43:59.439Z] >>> HTTP REQUEST POST https://serviceusage.googleapis.com/v1/projects/fb-clone-8fe4b/services/firebasedatabase.googleapis.com:enable  
 
[debug] [2021-02-26T13:44:00.799Z] <<< HTTP RESPONSE 200 {"content-type":"application/json; charset=UTF-8","vary":"X-Origin, Referer, Origin,Accept-Encoding","date":"Fri, 26 Feb 2021 13:44:00 GMT","server":"ESF","cache-control":"private","x-xss-protection":"0","x-frame-options":"SAMEORIGIN","x-content-type-options":"nosniff","alt-svc":"h3-29=\":443\"; ma=2592000,h3-T051=\":443\"; ma=2592000,h3-Q050=\":443\"; ma=2592000,h3-Q046=\":443\"; ma=2592000,h3-Q043=\":443\"; ma=2592000,quic=\":443\"; ma=2592000; v=\"46,43\"","accept-ranges":"none","transfer-encoding":"chunked"}
[debug] [2021-02-26T13:44:10.799Z] >>> HTTP REQUEST GET https://serviceusage.googleapis.com/v1/projects/fb-clone-8fe4b/services/firebasedatabase.googleapis.com  
 
[debug] [2021-02-26T13:44:12.351Z] <<< HTTP RESPONSE 200 {"content-type":"application/json; charset=UTF-8","vary":"X-Origin, Referer, Origin,Accept-Encoding","date":"Fri, 26 Feb 2021 13:44:12 GMT","server":"ESF","cache-control":"private","x-xss-protection":"0","x-frame-options":"SAMEORIGIN","x-content-type-options":"nosniff","alt-svc":"h3-29=\":443\"; ma=2592000,h3-T051=\":443\"; ma=2592000,h3-Q050=\":443\"; ma=2592000,h3-Q046=\":443\"; ma=2592000,h3-Q043=\":443\"; ma=2592000,quic=\":443\"; ma=2592000; v=\"46,43\"","accept-ranges":"none","transfer-encoding":"chunked"}
[info] +  database: required API firebasedatabase.googleapis.com is enabled 
[info] 
[debug] [2021-02-26T13:44:12.355Z] > refreshing access token with scopes: []
[debug] [2021-02-26T13:44:12.355Z] >>> HTTP REQUEST POST https://www.googleapis.com/oauth2/v3/token  
 <request body omitted>
[debug] [2021-02-26T13:44:12.611Z] <<< HTTP RESPONSE 200 {"date":"Fri, 26 Feb 2021 13:44:12 GMT","cache-control":"no-cache, no-store, max-age=0, must-revalidate","pragma":"no-cache","expires":"Mon, 01 Jan 1990 00:00:00 GMT","content-type":"application/json; charset=utf-8","vary":"X-Origin, Referer, Origin,Accept-Encoding","server":"scaffolding on HTTPServer2","x-xss-protection":"0","x-frame-options":"SAMEORIGIN","x-content-type-options":"nosniff","alt-svc":"h3-29=\":443\"; ma=2592000,h3-T051=\":443\"; ma=2592000,h3-Q050=\":443\"; ma=2592000,h3-Q046=\":443\"; ma=2592000,h3-Q043=\":443\"; ma=2592000,quic=\":443\"; ma=2592000; v=\"46,43\"","accept-ranges":"none","transfer-encoding":"chunked"}
[debug] [2021-02-26T13:44:12.628Z] >>> [apiv2][query] GET https://firebase.googleapis.com/v1beta1/projects/fb-clone-8fe4b [none]
[debug] [2021-02-26T13:44:13.084Z] <<< [apiv2][status] GET https://firebase.googleapis.com/v1beta1/projects/fb-clone-8fe4b 200
[debug] [2021-02-26T13:44:13.084Z] <<< [apiv2][body] GET https://firebase.googleapis.com/v1beta1/projects/fb-clone-8fe4b {"projectId":"fb-clone-8fe4b","projectNumber":"549582661784","displayName":"fb-clone","name":"projects/fb-clone-8fe4b","resources":{"hostingSite":"fb-clone-8fe4b","storageBucket":"fb-clone-8fe4b.appspot.com","locationId":"asia-southeast2"},"state":"ACTIVE"}
[debug] [2021-02-26T13:44:22.115Z] > refreshing access token with scopes: ["email","https://www.googleapis.com/auth/cloud-platform","https://www.googleapis.com/auth/cloudplatformprojects.readonly","https://www.googleapis.com/auth/firebase","openid"]
[debug] [2021-02-26T13:44:22.116Z] >>> HTTP REQUEST POST https://www.googleapis.com/oauth2/v3/token  
 <request body omitted>
[debug] [2021-02-26T13:44:22.312Z] <<< HTTP RESPONSE 200 {"pragma":"no-cache","cache-control":"no-cache, no-store, max-age=0, must-revalidate","expires":"Mon, 01 Jan 1990 00:00:00 GMT","date":"Fri, 26 Feb 2021 13:44:22 GMT","content-type":"application/json; charset=utf-8","vary":"X-Origin, Referer, Origin,Accept-Encoding","server":"scaffolding on HTTPServer2","x-xss-protection":"0","x-frame-options":"SAMEORIGIN","x-content-type-options":"nosniff","alt-svc":"h3-29=\":443\"; ma=2592000,h3-T051=\":443\"; ma=2592000,h3-Q050=\":443\"; ma=2592000,h3-Q046=\":443\"; ma=2592000,h3-Q043=\":443\"; ma=2592000,quic=\":443\"; ma=2592000; v=\"46,43\"","accept-ranges":"none","transfer-encoding":"chunked"}
[debug] [2021-02-26T13:44:22.327Z] >>> HTTP REQUEST POST https://firebasedatabase.googleapis.com/v1beta/projects/fb-clone-8fe4b/locations/us-central1/instances?databaseId=fb-clone-8fe4b-default-rtdb&validateOnly=true  
 {"type":"default_database"}
[debug] [2021-02-26T13:44:23.782Z] <<< HTTP RESPONSE 200 {"content-type":"application/json; charset=UTF-8","vary":"X-Origin, Referer, Origin,Accept-Encoding","date":"Fri, 26 Feb 2021 13:44:23 GMT","server":"ESF","cache-control":"private","x-xss-protection":"0","x-frame-options":"SAMEORIGIN","x-content-type-options":"nosniff","alt-svc":"h3-29=\":443\"; ma=2592000,h3-T051=\":443\"; ma=2592000,h3-Q050=\":443\"; ma=2592000,h3-Q046=\":443\"; ma=2592000,h3-Q043=\":443\"; ma=2592000,quic=\":443\"; ma=2592000; v=\"46,43\"","accept-ranges":"none","transfer-encoding":"chunked"}
[debug] [2021-02-26T13:44:23.784Z] >>> HTTP REQUEST POST https://firebasedatabase.googleapis.com/v1beta/projects/fb-clone-8fe4b/locations/us-central1/instances?databaseId=fb-clone-8fe4b-default-rtdb  
 {"type":"default_database"}
[debug] [2021-02-26T13:44:26.680Z] <<< HTTP RESPONSE 200 {"content-type":"application/json; charset=UTF-8","vary":"X-Origin, Referer, Origin,Accept-Encoding","date":"Fri, 26 Feb 2021 13:44:26 GMT","server":"ESF","cache-control":"private","x-xss-protection":"0","x-frame-options":"SAMEORIGIN","x-content-type-options":"nosniff","alt-svc":"h3-29=\":443\"; ma=2592000,h3-T051=\":443\"; ma=2592000,h3-Q050=\":443\"; ma=2592000,h3-Q046=\":443\"; ma=2592000,h3-Q043=\":443\"; ma=2592000,quic=\":443\"; ma=2592000; v=\"46,43\"","accept-ranges":"none","transfer-encoding":"chunked"}
[info] 
[info] Firebase Realtime Database Security Rules allow you to define how your data should be
[info] structured and when your data can be read from and written to.
[info] 
[debug] [2021-02-26T13:44:26.685Z] >>> HTTP REQUEST GET https://fb-clone-8fe4b-default-rtdb.firebaseio.com/.settings/rules.json  
 
[debug] [2021-02-26T13:44:27.869Z] <<< HTTP RESPONSE 200 {"server":"nginx","date":"Fri, 26 Feb 2021 13:44:27 GMT","content-type":"application/json; charset=utf-8","content-length":"161","connection":"keep-alive","access-control-allow-origin":"*","cache-control":"no-cache","strict-transport-security":"max-age=31556926; includeSubDomains; preload"}
[info] +  Database Rules for fb-clone-8fe4b-default-rtdb have been written to database.rules.json. 
[info] Future modifications to database.rules.json will update Realtime Database Security Rules when you run
[info] firebase deploy.
[info] 
=== Hosting Setup
[info] 
[info] Your public directory is the folder (relative to your project directory) that
[info] will contain Hosting assets to be uploaded with firebase deploy. If you
[info] have a build process for your assets, use your build's output directory.
[info] 
[debug] [2021-02-26T13:44:47.043Z] >>> [apiv2][query] GET https://www.gstatic.com/firebasejs/releases.json [none]
[debug] [2021-02-26T13:44:47.236Z] <<< [apiv2][status] GET https://www.gstatic.com/firebasejs/releases.json 200
[debug] [2021-02-26T13:44:47.236Z] <<< [apiv2][body] GET https://www.gstatic.com/firebasejs/releases.json {"current":{"version":"8.2.9","browserURL":"https://www.gstatic.com/firebasejs/8.2.9/firebase.js","packageURL":"https://www.gstatic.com/firebasejs/8.2.9/firebase.tgz"},"live":{"version":"8.2","browserURL":"https://www.gstatic.com/firebasejs/live/8.2/firebase.js","packageURL":"https://www.gstatic.com/firebasejs/live/8.2/firebase.tgz"},"components":{"analytics":"https://www.gstatic.com/firebasejs/8.2.9/firebase-analytics.js","app":"https://www.gstatic.com/firebasejs/8.2.9/firebase-app.js","auth":"https://www.gstatic.com/firebasejs/8.2.9/firebase-auth.js","database":"https://www.gstatic.com/firebasejs/8.2.9/firebase-database.js","firestore":"https://www.gstatic.com/firebasejs/8.2.9/firebase-firestore.js","functions":"https://www.gstatic.com/firebasejs/8.2.9/firebase-functions.js","installations":"https://www.gstatic.com/firebasejs/8.2.9/firebase-installations.js","messaging":"https://www.gstatic.com/firebasejs/8.2.9/firebase-messaging.js","storage":"https://www.gstatic.com/firebasejs/8.2.9/firebase-storage.js","performance":"https://www.gstatic.com/firebasejs/8.2.9/firebase-performance.js","remote-config":"https://www.gstatic.com/firebasejs/8.2.9/firebase-remote-config.js","firestore.memory":"https://www.gstatic.com/firebasejs/8.2.9/firebase-firestore.memory.js"}}
[info] +  Wrote y/index.html 
[info] 
[info] i  Detected a .git folder at D:\Challenges\fb-clone 
[info] i  Authorizing with GitHub to upload your service account to a GitHub repository's secrets store. 
[info] 
[info] Visit this URL on this device to log in:
[info] https://github.com/login/oauth/authorize?client_id=89cf50f02ac6aaed3484&state=42621114&redirect_uri=http%3A%2F%2Flocalhost%3A9005&scope=read%3Auser%20repo%20public_repo
[info] 
[info] Waiting for authentication...
[debug] [2021-02-26T13:45:01.771Z] >>> HTTP REQUEST POST https://github.com/login/oauth/access_token  
 {"client_id":"89cf50f02ac6aaed3484","client_secret":"3330d14abc895d9a74d5f17cd7a00711fa2c5bf0","code":"78cab8b8f2bbf2c108c1","redirect_uri":"http://localhost:9005","state":"42621114"}
[debug] [2021-02-26T13:45:02.279Z] <<< HTTP RESPONSE 200 {"server":"GitHub.com","date":"Fri, 26 Feb 2021 13:45:02 GMT","content-type":"application/json; charset=utf-8","vary":"X-PJAX, Accept-Encoding, Accept, X-Requested-With","etag":"W/\"9dcfb2cb03d8b7b8bd3b163c8db185bc\"","cache-control":"max-age=0, private, must-revalidate","strict-transport-security":"max-age=31536000; includeSubdomains; preload","x-frame-options":"deny","x-content-type-options":"nosniff","x-xss-protection":"1; mode=block","referrer-policy":"origin-when-cross-origin, strict-origin-when-cross-origin","expect-ct":"max-age=2592000, report-uri=\"https://api.github.com/_private/browser/errors\"","content-security-policy":"default-src 'none'; base-uri 'self'; block-all-mixed-content; connect-src 'self' uploads.github.com www.githubstatus.com collector.githubapp.com api.github.com github-cloud.s3.amazonaws.com github-production-repository-file-5c1aeb.s3.amazonaws.com github-production-upload-manifest-file-7fdce7.s3.amazonaws.com github-production-user-asset-6210df.s3.amazonaws.com cdn.optimizely.com logx.optimizely.com/v1/events wss://alive.github.com; font-src github.githubassets.com; form-action 'self' github.com gist.github.com; frame-ancestors 'none'; frame-src render.githubusercontent.com; img-src 'self' data: github.githubassets.com identicons.github.com collector.githubapp.com github-cloud.s3.amazonaws.com user-images.githubusercontent.com/ *.githubusercontent.com; manifest-src 'self'; media-src 'none'; script-src github.githubassets.com; style-src 'unsafe-inline' github.githubassets.com; worker-src github.com/socket-worker-5029ae85.js gist.github.com/socket-worker-5029ae85.js","x-github-request-id":"AB34:7A40:18ADA:1B027:6038FB5E","transfer-encoding":"chunked"}
[debug] [2021-02-26T13:45:02.294Z] >>> [apiv2][query] GET https://api.github.com/user [none]
[debug] [2021-02-26T13:45:02.833Z] <<< [apiv2][status] GET https://api.github.com/user 200
[debug] [2021-02-26T13:45:02.833Z] <<< [apiv2][body] GET https://api.github.com/user {"login":"loctong","id":2442282,"node_id":"MDQ6VXNlcjI0NDIyODI=","avatar_url":"https://avatars.githubusercontent.com/u/2442282?v=4","gravatar_id":"","url":"https://api.github.com/users/loctong","html_url":"https://github.com/loctong","followers_url":"https://api.github.com/users/loctong/followers","following_url":"https://api.github.com/users/loctong/following{/other_user}","gists_url":"https://api.github.com/users/loctong/gists{/gist_id}","starred_url":"https://api.github.com/users/loctong/starred{/owner}{/repo}","subscriptions_url":"https://api.github.com/users/loctong/subscriptions","organizations_url":"https://api.github.com/users/loctong/orgs","repos_url":"https://api.github.com/users/loctong/repos","events_url":"https://api.github.com/users/loctong/events{/privacy}","received_events_url":"https://api.github.com/users/loctong/received_events","type":"User","site_admin":false,"name":"Tống Bảo Lộc","company":"illuminator.me","blog":"http://www.illuminator.me","location":"Cần Thơ","email":"loctong@gmail.com","hireable":true,"bio":null,"twitter_username":null,"public_repos":35,"public_gists":0,"followers":1,"following":8,"created_at":"2012-09-28T03:22:40Z","updated_at":"2021-02-26T13:45:01Z","private_gists":1,"total_private_repos":0,"owned_private_repos":0,"disk_usage":30632,"collaborators":0,"two_factor_authentication":false,"plan":{"name":"free","space":976562499,"collaborators":0,"private_repos":10000}}
[info] 
[info] +  Success! Logged into GitHub as loctong 
[info] 
[debug] [2021-02-26T13:45:11.130Z] >>> [apiv2][query] GET https://api.github.com/repos//actions/secrets/public-key type=owner
[debug] [2021-02-26T13:45:11.531Z] <<< [apiv2][status] GET https://api.github.com/repos//actions/secrets/public-key 404
[debug] [2021-02-26T13:45:11.531Z] <<< [apiv2][body] GET https://api.github.com/repos//actions/secrets/public-key {"message":"Not Found","documentation_url":"https://docs.github.com/rest"}
[debug] [2021-02-26T13:45:12.160Z] >>> [apiv2][query] GET https://api.github.com/repos//actions/secrets/public-key type=owner
[debug] [2021-02-26T13:45:12.563Z] <<< [apiv2][status] GET https://api.github.com/repos//actions/secrets/public-key 404
[debug] [2021-02-26T13:45:12.563Z] <<< [apiv2][body] GET https://api.github.com/repos//actions/secrets/public-key {"message":"Not Found","documentation_url":"https://docs.github.com/rest"}
[debug] [2021-02-26T13:45:15.850Z] >>> [apiv2][query] GET https://api.github.com/repos//actions/secrets/public-key type=owner
[debug] [2021-02-26T13:45:16.264Z] <<< [apiv2][status] GET https://api.github.com/repos//actions/secrets/public-key 404
[debug] [2021-02-26T13:45:16.264Z] <<< [apiv2][body] GET https://api.github.com/repos//actions/secrets/public-key {"message":"Not Found","documentation_url":"https://docs.github.com/rest"}
[debug] [2021-02-26T13:45:17.993Z] >>> [apiv2][query] GET https://api.github.com/repos//actions/secrets/public-key type=owner
[debug] [2021-02-26T13:45:18.414Z] <<< [apiv2][status] GET https://api.github.com/repos//actions/secrets/public-key 404
[debug] [2021-02-26T13:45:18.414Z] <<< [apiv2][body] GET https://api.github.com/repos//actions/secrets/public-key {"message":"Not Found","documentation_url":"https://docs.github.com/rest"}
[debug] [2021-02-26T13:45:57.481Z] >>> [apiv2][query] GET https://api.github.com/repos/fb-clone/actions/secrets/public-key type=owner
[debug] [2021-02-26T13:45:57.917Z] <<< [apiv2][status] GET https://api.github.com/repos/fb-clone/actions/secrets/public-key 404
[debug] [2021-02-26T13:45:57.917Z] <<< [apiv2][body] GET https://api.github.com/repos/fb-clone/actions/secrets/public-key {"message":"Not Found","documentation_url":"https://docs.github.com/rest"}
